{"uid":"b1bc63812d9cb635","name":"verifyQuantityControlsRemovalCounter","fullName":"com.nashakava.ui.CartModalTest.verifyQuantityControlsRemovalCounter","historyId":"7606262a8f032295287b80501ca06e8b","time":{"start":1757269193842,"stop":1757269214153,"duration":20311},"description":"Verify functionality of product quantity controls (+, -) and removal (x)","descriptionHtml":"<p>Verify functionality of product quantity controls (+, -) and removal (x)</p>\n","status":"broken","statusMessage":"Expected condition failed: waiting for element to be clickable: [[[[[[ChromeDriver: chrome on linux (bd058759ba07c8061d2b12701695ad9c)] -> xpath: //div[@id='dialog-modal']]] -> xpath: .//li[contains(@class, 'rounded')]]] -> xpath: .//button[@aria-label= 'Зменшити кількість']] (tried for 10 second(s) with 500 milliseconds interval)\nBuild info: version: '4.33.0', revision: '2c6aaad03a'\nSystem info: os.name: 'Linux', os.arch: 'amd64', os.version: '6.11.0-1018-azure', java.version: '21.0.8'\nDriver info: org.openqa.selenium.chrome.ChromeDriver\nCapabilities {acceptInsecureCerts: false, browserName: chrome, browserVersion: 139.0.7258.154, chrome: {chromedriverVersion: 139.0.7258.154 (9e0d6b2b47f..., userDataDir: /tmp/chrome-c550dda6-6131-4...}, fedcm:accounts: true, goog:chromeOptions: {debuggerAddress: localhost:40981}, networkConnectionEnabled: false, pageLoadStrategy: normal, platformName: linux, proxy: Proxy(), se:cdp: ws://localhost:40981/devtoo..., se:cdpVersion: 139.0.7258.154, setWindowRect: true, strictFileInteractability: false, timeouts: {implicit: 0, pageLoad: 300000, script: 30000}, unhandledPromptBehavior: dismiss and notify, webauthn:extension:credBlob: true, webauthn:extension:largeBlob: true, webauthn:extension:minPinLength: true, webauthn:extension:prf: true, webauthn:virtualAuthenticators: true}\nSession ID: bd058759ba07c8061d2b12701695ad9c","statusTrace":"org.openqa.selenium.TimeoutException: Expected condition failed: waiting for element to be clickable: [[[[[[ChromeDriver: chrome on linux (bd058759ba07c8061d2b12701695ad9c)] -> xpath: //div[@id='dialog-modal']]] -> xpath: .//li[contains(@class, 'rounded')]]] -> xpath: .//button[@aria-label= 'Зменшити кількість']] (tried for 10 second(s) with 500 milliseconds interval)\nBuild info: version: '4.33.0', revision: '2c6aaad03a'\nSystem info: os.name: 'Linux', os.arch: 'amd64', os.version: '6.11.0-1018-azure', java.version: '21.0.8'\nDriver info: org.openqa.selenium.chrome.ChromeDriver\nCapabilities {acceptInsecureCerts: false, browserName: chrome, browserVersion: 139.0.7258.154, chrome: {chromedriverVersion: 139.0.7258.154 (9e0d6b2b47f..., userDataDir: /tmp/chrome-c550dda6-6131-4...}, fedcm:accounts: true, goog:chromeOptions: {debuggerAddress: localhost:40981}, networkConnectionEnabled: false, pageLoadStrategy: normal, platformName: linux, proxy: Proxy(), se:cdp: ws://localhost:40981/devtoo..., se:cdpVersion: 139.0.7258.154, setWindowRect: true, strictFileInteractability: false, timeouts: {implicit: 0, pageLoad: 300000, script: 30000}, unhandledPromptBehavior: dismiss and notify, webauthn:extension:credBlob: true, webauthn:extension:largeBlob: true, webauthn:extension:minPinLength: true, webauthn:extension:prf: true, webauthn:virtualAuthenticators: true}\nSession ID: bd058759ba07c8061d2b12701695ad9c\n\tat org.openqa.selenium.support.ui.WebDriverWait.timeoutException(WebDriverWait.java:84)\n\tat org.openqa.selenium.support.ui.FluentWait.until(FluentWait.java:228)\n\tat com.nashakava.ui.Base.waitUntilElementClickable(Base.java:114)\n\tat com.nashakava.ui.elements.CartItemElement.clickOnMinusButton(CartItemElement.java:48)\n\tat com.nashakava.ui.CartModalTest.verifyQuantityControlsRemovalCounter(CartModalTest.java:70)\n\tat java.base/jdk.internal.reflect.DirectMethodHandleAccessor.invoke(DirectMethodHandleAccessor.java:103)\n\tat java.base/java.lang.reflect.Method.invoke(Method.java:580)\n\tat org.testng.internal.invokers.MethodInvocationHelper.invokeMethod(MethodInvocationHelper.java:141)\n\tat org.testng.internal.invokers.TestInvoker.invokeMethod(TestInvoker.java:686)\n\tat org.testng.internal.invokers.TestInvoker.invokeTestMethod(TestInvoker.java:230)\n\tat org.testng.internal.invokers.MethodRunner.runInSequence(MethodRunner.java:63)\n\tat org.testng.internal.invokers.TestInvoker$MethodInvocationAgent.invoke(TestInvoker.java:992)\n\tat org.testng.internal.invokers.TestInvoker.invokeTestMethods(TestInvoker.java:203)\n\tat org.testng.internal.invokers.TestMethodWorker.invokeTestMethods(TestMethodWorker.java:154)\n\tat org.testng.internal.invokers.TestMethodWorker.run(TestMethodWorker.java:134)\n\tat java.base/java.util.ArrayList.forEach(ArrayList.java:1596)\n\tat org.testng.TestRunner.privateRun(TestRunner.java:739)\n\tat org.testng.TestRunner.run(TestRunner.java:614)\n\tat org.testng.SuiteRunner.runTest(SuiteRunner.java:421)\n\tat org.testng.SuiteRunner.runSequentially(SuiteRunner.java:413)\n\tat org.testng.SuiteRunner.privateRun(SuiteRunner.java:373)\n\tat org.testng.SuiteRunner.run(SuiteRunner.java:312)\n\tat org.testng.SuiteRunnerWorker.runSuite(SuiteRunnerWorker.java:52)\n\tat org.testng.SuiteRunnerWorker.run(SuiteRunnerWorker.java:95)\n\tat org.testng.TestNG.runSuitesSequentially(TestNG.java:1274)\n\tat org.testng.TestNG.runSuitesLocally(TestNG.java:1208)\n\tat org.testng.TestNG.runSuites(TestNG.java:1112)\n\tat org.testng.TestNG.run(TestNG.java:1079)\n\tat org.apache.maven.surefire.testng.TestNGExecutor.run(TestNGExecutor.java:155)\n\tat org.apache.maven.surefire.testng.TestNGDirectoryTestSuite.executeMulti(TestNGDirectoryTestSuite.java:169)\n\tat org.apache.maven.surefire.testng.TestNGDirectoryTestSuite.execute(TestNGDirectoryTestSuite.java:88)\n\tat org.apache.maven.surefire.testng.TestNGProvider.invoke(TestNGProvider.java:137)\n\tat org.apache.maven.surefire.booter.ForkedBooter.runSuitesInProcess(ForkedBooter.java:385)\n\tat org.apache.maven.surefire.booter.ForkedBooter.execute(ForkedBooter.java:162)\n\tat org.apache.maven.surefire.booter.ForkedBooter.run(ForkedBooter.java:507)\n\tat org.apache.maven.surefire.booter.ForkedBooter.main(ForkedBooter.java:495)\n","flaky":false,"newFailed":false,"newBroken":false,"newPassed":false,"retriesCount":0,"retriesStatusChange":false,"beforeStages":[{"name":"beforeClass","time":{"start":1757269191966,"stop":1757269193839,"duration":1873},"description":"","status":"passed","steps":[{"name":"Initialize ChromeDriver for CI","time":{"start":1757269191966,"stop":1757269192213,"duration":247},"status":"passed","steps":[],"attachments":[],"parameters":[],"shouldDisplayMessage":false,"stepsCount":0,"attachmentsCount":0,"hasContent":false}],"attachments":[],"parameters":[],"shouldDisplayMessage":false,"stepsCount":1,"attachmentsCount":0,"hasContent":true}],"testStage":{"description":"Verify functionality of product quantity controls (+, -) and removal (x)","status":"broken","statusMessage":"Expected condition failed: waiting for element to be clickable: [[[[[[ChromeDriver: chrome on linux (bd058759ba07c8061d2b12701695ad9c)] -> xpath: //div[@id='dialog-modal']]] -> xpath: .//li[contains(@class, 'rounded')]]] -> xpath: .//button[@aria-label= 'Зменшити кількість']] (tried for 10 second(s) with 500 milliseconds interval)\nBuild info: version: '4.33.0', revision: '2c6aaad03a'\nSystem info: os.name: 'Linux', os.arch: 'amd64', os.version: '6.11.0-1018-azure', java.version: '21.0.8'\nDriver info: org.openqa.selenium.chrome.ChromeDriver\nCapabilities {acceptInsecureCerts: false, browserName: chrome, browserVersion: 139.0.7258.154, chrome: {chromedriverVersion: 139.0.7258.154 (9e0d6b2b47f..., userDataDir: /tmp/chrome-c550dda6-6131-4...}, fedcm:accounts: true, goog:chromeOptions: {debuggerAddress: localhost:40981}, networkConnectionEnabled: false, pageLoadStrategy: normal, platformName: linux, proxy: Proxy(), se:cdp: ws://localhost:40981/devtoo..., se:cdpVersion: 139.0.7258.154, setWindowRect: true, strictFileInteractability: false, timeouts: {implicit: 0, pageLoad: 300000, script: 30000}, unhandledPromptBehavior: dismiss and notify, webauthn:extension:credBlob: true, webauthn:extension:largeBlob: true, webauthn:extension:minPinLength: true, webauthn:extension:prf: true, webauthn:virtualAuthenticators: true}\nSession ID: bd058759ba07c8061d2b12701695ad9c","statusTrace":"org.openqa.selenium.TimeoutException: Expected condition failed: waiting for element to be clickable: [[[[[[ChromeDriver: chrome on linux (bd058759ba07c8061d2b12701695ad9c)] -> xpath: //div[@id='dialog-modal']]] -> xpath: .//li[contains(@class, 'rounded')]]] -> xpath: .//button[@aria-label= 'Зменшити кількість']] (tried for 10 second(s) with 500 milliseconds interval)\nBuild info: version: '4.33.0', revision: '2c6aaad03a'\nSystem info: os.name: 'Linux', os.arch: 'amd64', os.version: '6.11.0-1018-azure', java.version: '21.0.8'\nDriver info: org.openqa.selenium.chrome.ChromeDriver\nCapabilities {acceptInsecureCerts: false, browserName: chrome, browserVersion: 139.0.7258.154, chrome: {chromedriverVersion: 139.0.7258.154 (9e0d6b2b47f..., userDataDir: /tmp/chrome-c550dda6-6131-4...}, fedcm:accounts: true, goog:chromeOptions: {debuggerAddress: localhost:40981}, networkConnectionEnabled: false, pageLoadStrategy: normal, platformName: linux, proxy: Proxy(), se:cdp: ws://localhost:40981/devtoo..., se:cdpVersion: 139.0.7258.154, setWindowRect: true, strictFileInteractability: false, timeouts: {implicit: 0, pageLoad: 300000, script: 30000}, unhandledPromptBehavior: dismiss and notify, webauthn:extension:credBlob: true, webauthn:extension:largeBlob: true, webauthn:extension:minPinLength: true, webauthn:extension:prf: true, webauthn:virtualAuthenticators: true}\nSession ID: bd058759ba07c8061d2b12701695ad9c\n\tat org.openqa.selenium.support.ui.WebDriverWait.timeoutException(WebDriverWait.java:84)\n\tat org.openqa.selenium.support.ui.FluentWait.until(FluentWait.java:228)\n\tat com.nashakava.ui.Base.waitUntilElementClickable(Base.java:114)\n\tat com.nashakava.ui.elements.CartItemElement.clickOnMinusButton(CartItemElement.java:48)\n\tat com.nashakava.ui.CartModalTest.verifyQuantityControlsRemovalCounter(CartModalTest.java:70)\n\tat java.base/jdk.internal.reflect.DirectMethodHandleAccessor.invoke(DirectMethodHandleAccessor.java:103)\n\tat java.base/java.lang.reflect.Method.invoke(Method.java:580)\n\tat org.testng.internal.invokers.MethodInvocationHelper.invokeMethod(MethodInvocationHelper.java:141)\n\tat org.testng.internal.invokers.TestInvoker.invokeMethod(TestInvoker.java:686)\n\tat org.testng.internal.invokers.TestInvoker.invokeTestMethod(TestInvoker.java:230)\n\tat org.testng.internal.invokers.MethodRunner.runInSequence(MethodRunner.java:63)\n\tat org.testng.internal.invokers.TestInvoker$MethodInvocationAgent.invoke(TestInvoker.java:992)\n\tat org.testng.internal.invokers.TestInvoker.invokeTestMethods(TestInvoker.java:203)\n\tat org.testng.internal.invokers.TestMethodWorker.invokeTestMethods(TestMethodWorker.java:154)\n\tat org.testng.internal.invokers.TestMethodWorker.run(TestMethodWorker.java:134)\n\tat java.base/java.util.ArrayList.forEach(ArrayList.java:1596)\n\tat org.testng.TestRunner.privateRun(TestRunner.java:739)\n\tat org.testng.TestRunner.run(TestRunner.java:614)\n\tat org.testng.SuiteRunner.runTest(SuiteRunner.java:421)\n\tat org.testng.SuiteRunner.runSequentially(SuiteRunner.java:413)\n\tat org.testng.SuiteRunner.privateRun(SuiteRunner.java:373)\n\tat org.testng.SuiteRunner.run(SuiteRunner.java:312)\n\tat org.testng.SuiteRunnerWorker.runSuite(SuiteRunnerWorker.java:52)\n\tat org.testng.SuiteRunnerWorker.run(SuiteRunnerWorker.java:95)\n\tat org.testng.TestNG.runSuitesSequentially(TestNG.java:1274)\n\tat org.testng.TestNG.runSuitesLocally(TestNG.java:1208)\n\tat org.testng.TestNG.runSuites(TestNG.java:1112)\n\tat org.testng.TestNG.run(TestNG.java:1079)\n\tat org.apache.maven.surefire.testng.TestNGExecutor.run(TestNGExecutor.java:155)\n\tat org.apache.maven.surefire.testng.TestNGDirectoryTestSuite.executeMulti(TestNGDirectoryTestSuite.java:169)\n\tat org.apache.maven.surefire.testng.TestNGDirectoryTestSuite.execute(TestNGDirectoryTestSuite.java:88)\n\tat org.apache.maven.surefire.testng.TestNGProvider.invoke(TestNGProvider.java:137)\n\tat org.apache.maven.surefire.booter.ForkedBooter.runSuitesInProcess(ForkedBooter.java:385)\n\tat org.apache.maven.surefire.booter.ForkedBooter.execute(ForkedBooter.java:162)\n\tat org.apache.maven.surefire.booter.ForkedBooter.run(ForkedBooter.java:507)\n\tat org.apache.maven.surefire.booter.ForkedBooter.main(ForkedBooter.java:495)\n","steps":[{"name":"Click on Accept Cookies Button","time":{"start":1757269193865,"stop":1757269193991,"duration":126},"status":"passed","steps":[],"attachments":[],"parameters":[],"shouldDisplayMessage":false,"stepsCount":0,"attachmentsCount":0,"hasContent":false},{"name":"Click on Catalog Tab in Header","time":{"start":1757269194018,"stop":1757269194113,"duration":95},"status":"passed","steps":[],"attachments":[],"parameters":[],"shouldDisplayMessage":false,"stepsCount":0,"attachmentsCount":0,"hasContent":false},{"name":"Click on Coffee in Catalog Dropdown","time":{"start":1757269194113,"stop":1757269194369,"duration":256},"status":"passed","steps":[{"name":"Scroll to the element","time":{"start":1757269194233,"stop":1757269194356,"duration":123},"status":"passed","steps":[],"attachments":[],"parameters":[{"name":"element","value":"[[ChromeDriver: chrome on linux (bd058759ba07c8061d2b12701695ad9c)] -> xpath: //section[@id= 'coffee']]"}],"shouldDisplayMessage":false,"stepsCount":0,"attachmentsCount":0,"hasContent":true}],"attachments":[],"parameters":[{"name":"mainPage","value":"com.nashakava.ui.page.MainPage@2a45c6f0"}],"shouldDisplayMessage":false,"stepsCount":1,"attachmentsCount":0,"hasContent":true},{"name":"Click On Buy Button","time":{"start":1757269194385,"stop":1757269194598,"duration":213},"status":"passed","steps":[{"name":"Scroll to the element","time":{"start":1757269194395,"stop":1757269194523,"duration":128},"status":"passed","steps":[],"attachments":[],"parameters":[{"name":"element","value":"[[[[[[ChromeDriver: chrome on linux (bd058759ba07c8061d2b12701695ad9c)] -> xpath: //section[@id= 'coffee']]] -> xpath: .//div[@class='flex flex-col gap-4 pt-[40px] lg:pt-[60px]']]] -> xpath: .//button[contains(@aria-label, 'Додати в корзину каву')]]"}],"shouldDisplayMessage":false,"stepsCount":0,"attachmentsCount":0,"hasContent":true}],"attachments":[],"parameters":[],"shouldDisplayMessage":false,"stepsCount":1,"attachmentsCount":0,"hasContent":true},{"name":"Click on Cart icon in Header","time":{"start":1757269203077,"stop":1757269203186,"duration":109},"status":"passed","steps":[],"attachments":[],"parameters":[{"name":"mainPage","value":"com.nashakava.ui.page.MainPage@2a45c6f0"}],"shouldDisplayMessage":false,"stepsCount":0,"attachmentsCount":0,"hasContent":true},{"name":"Click on Plus Button","time":{"start":1757269203392,"stop":1757269203564,"duration":172},"status":"passed","steps":[],"attachments":[],"parameters":[],"shouldDisplayMessage":false,"stepsCount":0,"attachmentsCount":0,"hasContent":false},{"name":"Click on Minus Button","time":{"start":1757269203638,"stop":1757269214150,"duration":10512},"status":"broken","statusMessage":"Expected condition failed: waiting for element to be clickable: [[[[[[ChromeDriver: chrome on linux (bd058759ba07c8061d2b12701695ad9c)] -> xpath: //div[@id='dialog-modal']]] -> xpath: .//li[contains(@class, 'rounded')]]] -> xpath: .//button[@aria-label= 'Зменшити кількість']] (tried for 10 second(s) with 500 milliseconds interval)\nBuild info: version: '4.33.0', revision: '2c6aaad03a'\nSystem info: os.name: 'Linux', os.arch: 'amd64', os.version: '6.11.0-1018-azure', java.version: '21.0.8'\nDriver info: org.openqa.selenium.chrome.ChromeDriver\nCapabilities {acceptInsecureCerts: false, browserName: chrome, browserVersion: 139.0.7258.154, chrome: {chromedriverVersion: 139.0.7258.154 (9e0d6b2b47f..., userDataDir: /tmp/chrome-c550dda6-6131-4...}, fedcm:accounts: true, goog:chromeOptions: {debuggerAddress: localhost:40981}, networkConnectionEnabled: false, pageLoadStrategy: normal, platformName: linux, proxy: Proxy(), se:cdp: ws://localhost:40981/devtoo..., se:cdpVersion: 139.0.7258.154, setWindowRect: true, strictFileInteractability: false, timeouts: {implicit: 0, pageLoad: 300000, script: 30000}, unhandledPromptBehavior: dismiss and notify, webauthn:extension:credBlob: true, webauthn:extension:largeBlob: true, webauthn:extension:minPinLength: true, webauthn:extension:prf: true, webauthn:virtualAuthenticators: true}\nSession ID: bd058759ba07c8061d2b12701695ad9c","statusTrace":"org.openqa.selenium.TimeoutException: Expected condition failed: waiting for element to be clickable: [[[[[[ChromeDriver: chrome on linux (bd058759ba07c8061d2b12701695ad9c)] -> xpath: //div[@id='dialog-modal']]] -> xpath: .//li[contains(@class, 'rounded')]]] -> xpath: .//button[@aria-label= 'Зменшити кількість']] (tried for 10 second(s) with 500 milliseconds interval)\nBuild info: version: '4.33.0', revision: '2c6aaad03a'\nSystem info: os.name: 'Linux', os.arch: 'amd64', os.version: '6.11.0-1018-azure', java.version: '21.0.8'\nDriver info: org.openqa.selenium.chrome.ChromeDriver\nCapabilities {acceptInsecureCerts: false, browserName: chrome, browserVersion: 139.0.7258.154, chrome: {chromedriverVersion: 139.0.7258.154 (9e0d6b2b47f..., userDataDir: /tmp/chrome-c550dda6-6131-4...}, fedcm:accounts: true, goog:chromeOptions: {debuggerAddress: localhost:40981}, networkConnectionEnabled: false, pageLoadStrategy: normal, platformName: linux, proxy: Proxy(), se:cdp: ws://localhost:40981/devtoo..., se:cdpVersion: 139.0.7258.154, setWindowRect: true, strictFileInteractability: false, timeouts: {implicit: 0, pageLoad: 300000, script: 30000}, unhandledPromptBehavior: dismiss and notify, webauthn:extension:credBlob: true, webauthn:extension:largeBlob: true, webauthn:extension:minPinLength: true, webauthn:extension:prf: true, webauthn:virtualAuthenticators: true}\nSession ID: bd058759ba07c8061d2b12701695ad9c\n\tat org.openqa.selenium.support.ui.WebDriverWait.timeoutException(WebDriverWait.java:84)\n\tat org.openqa.selenium.support.ui.FluentWait.until(FluentWait.java:228)\n\tat com.nashakava.ui.Base.waitUntilElementClickable(Base.java:114)\n\tat com.nashakava.ui.elements.CartItemElement.clickOnMinusButton(CartItemElement.java:48)\n\tat com.nashakava.ui.CartModalTest.verifyQuantityControlsRemovalCounter(CartModalTest.java:70)\n\tat java.base/jdk.internal.reflect.DirectMethodHandleAccessor.invoke(DirectMethodHandleAccessor.java:103)\n\tat java.base/java.lang.reflect.Method.invoke(Method.java:580)\n\tat org.testng.internal.invokers.MethodInvocationHelper.invokeMethod(MethodInvocationHelper.java:141)\n\tat org.testng.internal.invokers.TestInvoker.invokeMethod(TestInvoker.java:686)\n\tat org.testng.internal.invokers.TestInvoker.invokeTestMethod(TestInvoker.java:230)\n\tat org.testng.internal.invokers.MethodRunner.runInSequence(MethodRunner.java:63)\n\tat org.testng.internal.invokers.TestInvoker$MethodInvocationAgent.invoke(TestInvoker.java:992)\n\tat org.testng.internal.invokers.TestInvoker.invokeTestMethods(TestInvoker.java:203)\n\tat org.testng.internal.invokers.TestMethodWorker.invokeTestMethods(TestMethodWorker.java:154)\n\tat org.testng.internal.invokers.TestMethodWorker.run(TestMethodWorker.java:134)\n\tat java.base/java.util.ArrayList.forEach(ArrayList.java:1596)\n\tat org.testng.TestRunner.privateRun(TestRunner.java:739)\n\tat org.testng.TestRunner.run(TestRunner.java:614)\n\tat org.testng.SuiteRunner.runTest(SuiteRunner.java:421)\n\tat org.testng.SuiteRunner.runSequentially(SuiteRunner.java:413)\n\tat org.testng.SuiteRunner.privateRun(SuiteRunner.java:373)\n\tat org.testng.SuiteRunner.run(SuiteRunner.java:312)\n\tat org.testng.SuiteRunnerWorker.runSuite(SuiteRunnerWorker.java:52)\n\tat org.testng.SuiteRunnerWorker.run(SuiteRunnerWorker.java:95)\n\tat org.testng.TestNG.runSuitesSequentially(TestNG.java:1274)\n\tat org.testng.TestNG.runSuitesLocally(TestNG.java:1208)\n\tat org.testng.TestNG.runSuites(TestNG.java:1112)\n\tat org.testng.TestNG.run(TestNG.java:1079)\n\tat org.apache.maven.surefire.testng.TestNGExecutor.run(TestNGExecutor.java:155)\n\tat org.apache.maven.surefire.testng.TestNGDirectoryTestSuite.executeMulti(TestNGDirectoryTestSuite.java:169)\n\tat org.apache.maven.surefire.testng.TestNGDirectoryTestSuite.execute(TestNGDirectoryTestSuite.java:88)\n\tat org.apache.maven.surefire.testng.TestNGProvider.invoke(TestNGProvider.java:137)\n\tat org.apache.maven.surefire.booter.ForkedBooter.runSuitesInProcess(ForkedBooter.java:385)\n\tat org.apache.maven.surefire.booter.ForkedBooter.execute(ForkedBooter.java:162)\n\tat org.apache.maven.surefire.booter.ForkedBooter.run(ForkedBooter.java:507)\n\tat org.apache.maven.surefire.booter.ForkedBooter.main(ForkedBooter.java:495)\n","steps":[],"attachments":[],"parameters":[],"shouldDisplayMessage":true,"stepsCount":0,"attachmentsCount":0,"hasContent":true}],"attachments":[],"parameters":[],"shouldDisplayMessage":false,"stepsCount":9,"attachmentsCount":0,"hasContent":true},"afterStages":[{"name":"afterClass","time":{"start":1757269214155,"stop":1757269214388,"duration":233},"description":"","status":"passed","steps":[],"attachments":[{"uid":"96ff9bf01def18e8","name":"Screenshot: PICTURE Test Name = Surefire test","source":"96ff9bf01def18e8.png","type":"image/png","size":233429}],"parameters":[],"shouldDisplayMessage":false,"stepsCount":0,"attachmentsCount":1,"hasContent":true}],"labels":[{"name":"package","value":"com.nashakava.ui.CartModalTest"},{"name":"testClass","value":"com.nashakava.ui.CartModalTest"},{"name":"testMethod","value":"verifyQuantityControlsRemovalCounter"},{"name":"parentSuite","value":"Surefire suite"},{"name":"suite","value":"Surefire test"},{"name":"subSuite","value":"com.nashakava.ui.CartModalTest"},{"name":"host","value":"pkrvm7jw40e0xgp"},{"name":"thread","value":"2407@pkrvm7jw40e0xgp.main(1)"},{"name":"framework","value":"testng"},{"name":"language","value":"java"},{"name":"feature","value":"Cart Modal"},{"name":"owner","value":"Hrusha Nataliia"},{"name":"resultFormat","value":"allure2"}],"parameters":[],"links":[{"name":"5","url":"https://github.com/HrushaNataliia/nasha-kava-test/issues/5","type":"issue"}],"hidden":false,"retry":false,"extra":{"severity":"normal","owner":"Hrusha Nataliia","retries":[],"categories":[{"name":"Test defects","matchedStatuses":[],"flaky":false}],"tags":[]},"source":"b1bc63812d9cb635.json","parameterValues":[]}